F:\2016_03_13谭智勇\GITHUB\SUDOKU\RELEASE\SUDOKU.EXE
F:\2016_03_13谭智勇\GITHUB\SUDOKU\RELEASE\SUDOKU.PDB
F:\2016_03_13谭智勇\GITHUB\SUDOKU\SUDOKU\RELEASE\CHOICEVALUEDLG.OBJ
F:\2016_03_13谭智勇\github\Sudoku\Sudoku\Release\cl.command.1.tlog
F:\2016_03_13谭智勇\github\Sudoku\Sudoku\Release\CL.read.1.tlog
F:\2016_03_13谭智勇\github\Sudoku\Sudoku\Release\CL.write.1.tlog
F:\2016_03_13谭智勇\GITHUB\SUDOKU\SUDOKU\RELEASE\GRIDCELL.OBJ
F:\2016_03_13谭智勇\GITHUB\SUDOKU\SUDOKU\RELEASE\GRIDCELLBASE.OBJ
F:\2016_03_13谭智勇\GITHUB\SUDOKU\SUDOKU\RELEASE\GRIDCTRL.OBJ
F:\2016_03_13谭智勇\GITHUB\SUDOKU\SUDOKU\RELEASE\GRIDDROPTARGET.OBJ
F:\2016_03_13谭智勇\GITHUB\SUDOKU\SUDOKU\RELEASE\INPLACEEDIT.OBJ
F:\2016_03_13谭智勇\github\Sudoku\Sudoku\Release\link.command.1.tlog
F:\2016_03_13谭智勇\github\Sudoku\Sudoku\Release\link.read.1.tlog
F:\2016_03_13谭智勇\github\Sudoku\Sudoku\Release\link.write.1.tlog
F:\2016_03_13谭智勇\github\Sudoku\Sudoku\Release\link-cvtres.read.1.tlog
F:\2016_03_13谭智勇\github\Sudoku\Sudoku\Release\link-cvtres.write.1.tlog
F:\2016_03_13谭智勇\github\Sudoku\Sudoku\Release\mt.command.1.tlog
F:\2016_03_13谭智勇\github\Sudoku\Sudoku\Release\mt.read.1.tlog
F:\2016_03_13谭智勇\github\Sudoku\Sudoku\Release\mt.write.1.tlog
F:\2016_03_13谭智勇\github\Sudoku\Sudoku\Release\rc.command.1.tlog
F:\2016_03_13谭智勇\github\Sudoku\Sudoku\Release\rc.read.1.tlog
F:\2016_03_13谭智勇\github\Sudoku\Sudoku\Release\rc.write.1.tlog
F:\2016_03_13谭智勇\GITHUB\SUDOKU\SUDOKU\RELEASE\STDAFX.OBJ
F:\2016_03_13谭智勇\GITHUB\SUDOKU\SUDOKU\RELEASE\SUDOKU.EXE.INTERMEDIATE.MANIFEST
F:\2016_03_13谭智勇\GITHUB\SUDOKU\SUDOKU\RELEASE\SUDOKU.OBJ
F:\2016_03_13谭智勇\GITHUB\SUDOKU\SUDOKU\RELEASE\SUDOKU.PCH
F:\2016_03_13谭智勇\GITHUB\SUDOKU\SUDOKU\RELEASE\SUDOKU.RES
F:\2016_03_13谭智勇\github\Sudoku\Sudoku\Release\Sudoku.write.1.tlog
F:\2016_03_13谭智勇\GITHUB\SUDOKU\SUDOKU\RELEASE\SUDOKUDLG.OBJ
F:\2016_03_13谭智勇\GITHUB\SUDOKU\SUDOKU\RELEASE\TITLETIP.OBJ
F:\2016_03_13谭智勇\GITHUB\SUDOKU\SUDOKU\RELEASE\VC100.PDB
