F:\2016_03_13谭智勇\MFC 学习实验\SUDOKU\DEBUG\SUDOKU.EXE
F:\2016_03_13谭智勇\MFC 学习实验\SUDOKU\DEBUG\SUDOKU.ILK
F:\2016_03_13谭智勇\MFC 学习实验\SUDOKU\DEBUG\SUDOKU.PDB
F:\2016_03_13谭智勇\MFC 学习实验\Sudoku\Sudoku\Debug\cl.command.1.tlog
F:\2016_03_13谭智勇\MFC 学习实验\Sudoku\Sudoku\Debug\CL.read.1.tlog
F:\2016_03_13谭智勇\MFC 学习实验\Sudoku\Sudoku\Debug\CL.write.1.tlog
F:\2016_03_13谭智勇\MFC 学习实验\SUDOKU\SUDOKU\DEBUG\GRIDCELL.OBJ
F:\2016_03_13谭智勇\MFC 学习实验\SUDOKU\SUDOKU\DEBUG\GRIDCELLBASE.OBJ
F:\2016_03_13谭智勇\MFC 学习实验\SUDOKU\SUDOKU\DEBUG\GRIDCTRL.OBJ
F:\2016_03_13谭智勇\MFC 学习实验\SUDOKU\SUDOKU\DEBUG\GRIDDROPTARGET.OBJ
F:\2016_03_13谭智勇\MFC 学习实验\SUDOKU\SUDOKU\DEBUG\INPLACEEDIT.OBJ
F:\2016_03_13谭智勇\MFC 学习实验\Sudoku\Sudoku\Debug\link.command.1.tlog
F:\2016_03_13谭智勇\MFC 学习实验\Sudoku\Sudoku\Debug\link.read.1.tlog
F:\2016_03_13谭智勇\MFC 学习实验\Sudoku\Sudoku\Debug\link.write.1.tlog
F:\2016_03_13谭智勇\MFC 学习实验\Sudoku\Sudoku\Debug\link-cvtres.read.1.tlog
F:\2016_03_13谭智勇\MFC 学习实验\Sudoku\Sudoku\Debug\link-cvtres.write.1.tlog
F:\2016_03_13谭智勇\MFC 学习实验\Sudoku\Sudoku\Debug\mt.command.1.tlog
F:\2016_03_13谭智勇\MFC 学习实验\Sudoku\Sudoku\Debug\mt.read.1.tlog
F:\2016_03_13谭智勇\MFC 学习实验\Sudoku\Sudoku\Debug\mt.write.1.tlog
F:\2016_03_13谭智勇\MFC 学习实验\Sudoku\Sudoku\Debug\rc.command.1.tlog
F:\2016_03_13谭智勇\MFC 学习实验\Sudoku\Sudoku\Debug\rc.read.1.tlog
F:\2016_03_13谭智勇\MFC 学习实验\Sudoku\Sudoku\Debug\rc.write.1.tlog
F:\2016_03_13谭智勇\MFC 学习实验\SUDOKU\SUDOKU\DEBUG\STDAFX.OBJ
F:\2016_03_13谭智勇\MFC 学习实验\SUDOKU\SUDOKU\DEBUG\SUDOKU.EXE.EMBED.MANIFEST
F:\2016_03_13谭智勇\MFC 学习实验\SUDOKU\SUDOKU\DEBUG\SUDOKU.EXE.EMBED.MANIFEST.RES
F:\2016_03_13谭智勇\MFC 学习实验\SUDOKU\SUDOKU\DEBUG\SUDOKU.EXE.INTERMEDIATE.MANIFEST
F:\2016_03_13谭智勇\MFC 学习实验\SUDOKU\SUDOKU\DEBUG\SUDOKU.OBJ
F:\2016_03_13谭智勇\MFC 学习实验\SUDOKU\SUDOKU\DEBUG\SUDOKU.PCH
F:\2016_03_13谭智勇\MFC 学习实验\SUDOKU\SUDOKU\DEBUG\SUDOKU.RES
F:\2016_03_13谭智勇\MFC 学习实验\Sudoku\Sudoku\Debug\Sudoku.write.1.tlog
F:\2016_03_13谭智勇\MFC 学习实验\Sudoku\Sudoku\Debug\Sudoku_manifest.rc
F:\2016_03_13谭智勇\MFC 学习实验\SUDOKU\SUDOKU\DEBUG\SUDOKUDLG.OBJ
F:\2016_03_13谭智勇\MFC 学习实验\SUDOKU\SUDOKU\DEBUG\TITLETIP.OBJ
F:\2016_03_13谭智勇\MFC 学习实验\Sudoku\Sudoku\Debug\vc100.idb
F:\2016_03_13谭智勇\MFC 学习实验\SUDOKU\SUDOKU\DEBUG\VC100.PDB
