E:\GITHUB\SUDOKU\DEBUG\SUDOKU.EXE
E:\GITHUB\SUDOKU\DEBUG\SUDOKU.ILK
E:\GITHUB\SUDOKU\DEBUG\SUDOKU.PDB
E:\GITHUB\SUDOKU\DEBUG\数独游戏.EXE
E:\GITHUB\SUDOKU\DEBUG\数独游戏.ILK
E:\GITHUB\SUDOKU\DEBUG\数独游戏.PDB
E:\GITHUB\Sudoku\Sudoku\Debug\cl.command.1.tlog
E:\GITHUB\Sudoku\Sudoku\Debug\CL.read.1.tlog
E:\GITHUB\Sudoku\Sudoku\Debug\CL.write.1.tlog
E:\GITHUB\SUDOKU\SUDOKU\DEBUG\GRIDCELL.OBJ
E:\GITHUB\SUDOKU\SUDOKU\DEBUG\GRIDCELLBASE.OBJ
E:\GITHUB\SUDOKU\SUDOKU\DEBUG\GRIDCTRL.OBJ
E:\GITHUB\SUDOKU\SUDOKU\DEBUG\GRIDDROPTARGET.OBJ
E:\GITHUB\SUDOKU\SUDOKU\DEBUG\INPLACEEDIT.OBJ
E:\GITHUB\Sudoku\Sudoku\Debug\link.command.1.tlog
E:\GITHUB\Sudoku\Sudoku\Debug\link.read.1.tlog
E:\GITHUB\Sudoku\Sudoku\Debug\link.write.1.tlog
E:\GITHUB\Sudoku\Sudoku\Debug\link-cvtres.read.1.tlog
E:\GITHUB\Sudoku\Sudoku\Debug\link-cvtres.write.1.tlog
E:\GITHUB\Sudoku\Sudoku\Debug\mt.command.1.tlog
E:\GITHUB\Sudoku\Sudoku\Debug\mt.read.1.tlog
E:\GITHUB\Sudoku\Sudoku\Debug\mt.write.1.tlog
E:\GITHUB\Sudoku\Sudoku\Debug\rc.command.1.tlog
E:\GITHUB\Sudoku\Sudoku\Debug\rc.read.1.tlog
E:\GITHUB\Sudoku\Sudoku\Debug\rc.write.1.tlog
E:\GITHUB\SUDOKU\SUDOKU\DEBUG\STDAFX.OBJ
E:\GITHUB\SUDOKU\SUDOKU\DEBUG\SUDOKU.EXE.EMBED.MANIFEST
E:\GITHUB\SUDOKU\SUDOKU\DEBUG\SUDOKU.EXE.EMBED.MANIFEST.RES
E:\GITHUB\SUDOKU\SUDOKU\DEBUG\SUDOKU.EXE.INTERMEDIATE.MANIFEST
E:\GITHUB\SUDOKU\SUDOKU\DEBUG\SUDOKU.OBJ
E:\GITHUB\SUDOKU\SUDOKU\DEBUG\SUDOKU.PCH
E:\GITHUB\SUDOKU\SUDOKU\DEBUG\SUDOKU.RES
E:\GITHUB\Sudoku\Sudoku\Debug\Sudoku.vcxprojResolveAssemblyReference.cache
E:\GITHUB\Sudoku\Sudoku\Debug\Sudoku.write.1.tlog
E:\GITHUB\Sudoku\Sudoku\Debug\Sudoku_manifest.rc
E:\GITHUB\SUDOKU\SUDOKU\DEBUG\SUDOKUDLG.OBJ
E:\GITHUB\SUDOKU\SUDOKU\DEBUG\TITLETIP.OBJ
E:\GITHUB\Sudoku\Sudoku\Debug\vc100.idb
E:\GITHUB\SUDOKU\SUDOKU\DEBUG\VC100.PDB
E:\GITHUB\SUDOKU\SUDOKU\DEBUG\数独游戏.EXE.EMBED.MANIFEST
E:\GITHUB\SUDOKU\SUDOKU\DEBUG\数独游戏.EXE.EMBED.MANIFEST.RES
E:\GITHUB\SUDOKU\SUDOKU\DEBUG\数独游戏.EXE.INTERMEDIATE.MANIFEST
E:\GITHUB\SUDOKU\SUDOKU\DEBUG\数独游戏.PCH
E:\GITHUB\Sudoku\Sudoku\Debug\数独游戏_manifest.rc
